<?xml version="1.0" encoding="UTF-8"?>
<!-- Generated by org.testng.reporters.JUnitReportReporter -->
<testsuite hostname="SWAPNIL" failures="0" tests="1" name="LearnTestNG.UseOptionalAnnotation" time="3.962" errors="0" timestamp="2023-07-31T12:00:53 IST" skipped="0">
  <testcase classname="LearnTestNG.UseOptionalAnnotation" name="testCase" time="3.962"/>
  <system-out/>
</testsuite> <!-- LearnTestNG.UseOptionalAnnotation -->
