<?xml version="1.0" encoding="UTF-8"?>
<!-- Generated by org.testng.reporters.JUnitReportReporter -->
<testsuite hostname="SWAPNIL" failures="0" tests="2" name="LearnTestNG.StoreAndUseDataInSameClass" time="0.020" errors="0" timestamp="2023-07-27T21:32:01 IST" skipped="0">
  <testcase classname="LearnTestNG.StoreAndUseDataInSameClass" name="facebookSignup" time="0.002"/>
  <system-out/>
  <testcase classname="LearnTestNG.StoreAndUseDataInSameClass" name="facebookSignup" time="0.018"/>
  <system-out/>
</testsuite> <!-- LearnTestNG.StoreAndUseDataInSameClass -->
