<?xml version="1.0" encoding="UTF-8"?>
<!-- Generated by org.testng.reporters.JUnitReportReporter -->
<testsuite hostname="SWAPNIL" failures="0" tests="14" name="LearnTestNG.KGF" time="0.026" errors="0" timestamp="2023-08-05T10:21:02 IST" skipped="1">
  <testcase classname="LearnTestNG.KGF" name="suryaVardhan" time="0.012"/>
  <system-out/>
  <testcase classname="LearnTestNG.KGF" name="garuda" time="0.001"/>
  <system-out/>
  <testcase classname="LearnTestNG.KGF" name="rocky" time="0.001"/>
  <system-out/>
  <testcase classname="LearnTestNG.KGF" name="rocky" time="0.001"/>
  <system-out/>
  <testcase classname="LearnTestNG.KGF" name="rocky" time="0.001"/>
  <system-out/>
  <testcase classname="LearnTestNG.KGF" name="rocky" time="0.000"/>
  <system-out/>
  <testcase classname="LearnTestNG.KGF" name="rocky" time="0.001"/>
  <system-out/>
  <testcase classname="LearnTestNG.KGF" name="rocky" time="0.002"/>
  <system-out/>
  <testcase classname="LearnTestNG.KGF" name="rocky" time="0.002"/>
  <system-out/>
  <testcase classname="LearnTestNG.KGF" name="mumbaiShetty" time="0.001"/>
  <system-out/>
  <testcase classname="LearnTestNG.KGF" name="rajendraDesai" time="0.001"/>
  <system-out/>
  <testcase classname="LearnTestNG.KGF" name="adheera" time="0.002"/>
  <system-out/>
  <testcase classname="LearnTestNG.KGF" name="ramikaSen" time="0.001"/>
  <system-out/>
  <testcase classname="LearnTestNG.KGF" name="vanaram">
    <skipped/>
  </testcase> <!-- vanaram -->
  <system-out/>
</testsuite> <!-- LearnTestNG.KGF -->
