<?xml version="1.0" encoding="UTF-8"?>
<!-- Generated by org.testng.reporters.JUnitReportReporter -->
<testsuite hostname="SWAPNIL" failures="0" tests="2" name="LearnTestNG.LearningAnnotations" time="48.477" errors="0" timestamp="2023-08-05T10:24:52 IST" skipped="0">
  <testcase classname="LearnTestNG.LearningAnnotations" name="clickOnBigBangCompany" time="28.053"/>
  <system-out/>
  <testcase classname="LearnTestNG.LearningAnnotations" name="searchTask" time="20.424"/>
  <system-out/>
</testsuite> <!-- LearnTestNG.LearningAnnotations -->
