<?xml version="1.0" encoding="UTF-8"?>
<!-- Generated by org.testng.reporters.JUnitReportReporter -->
<testsuite hostname="SWAPNIL" failures="0" tests="2" name="LearnTestNG.ClassA" time="0.013" errors="0" timestamp="2023-07-28T11:38:48 IST" skipped="0">
  <testcase classname="LearnTestNG.ClassA" name="testCaseA" time="0.010"/>
  <system-out/>
  <testcase classname="LearnTestNG.ClassA" name="testCaseB" time="0.003"/>
  <system-out/>
</testsuite> <!-- LearnTestNG.ClassA -->
