<?xml version="1.0" encoding="UTF-8"?>
<!-- Generated by org.testng.reporters.JUnitReportReporter -->
<testsuite hostname="SWAPNIL" failures="0" tests="2" name="LearntestNG.A" time="0.015" errors="0" timestamp="2023-07-25T11:12:29 IST" skipped="0">
  <testcase classname="LearntestNG.A" name="testCaseName_2" time="0.001"/>
  <system-out/>
  <testcase classname="LearntestNG.A" name="testCaseName" time="0.014"/>
  <system-out/>
</testsuite> <!-- LearntestNG.A -->
