<?xml version="1.0" encoding="UTF-8"?>
<!-- Generated by org.testng.reporters.JUnitReportReporter -->
<testsuite hostname="SWAPNIL" failures="0" tests="1" name="LearnTestNG.ModuleName" time="0.015" errors="0" timestamp="2023-07-26T20:18:54 IST" skipped="0">
  <testcase classname="LearnTestNG.ModuleName" name="testCaseName" time="0.015"/>
  <system-out/>
</testsuite> <!-- LearnTestNG.ModuleName -->
