<?xml version="1.0" encoding="UTF-8"?>
<!-- Generated by org.testng.reporters.JUnitReportReporter -->
<testsuite hostname="SWAPNIL" failures="0" tests="3" name="LearnTestNG.ClassC" time="0.004" errors="0" timestamp="2023-08-10T12:30:43 IST" skipped="0">
  <testcase classname="LearnTestNG.ClassC" name="testH" time="0.002"/>
  <system-out/>
  <testcase classname="LearnTestNG.ClassC" name="testI" time="0.001"/>
  <system-out/>
  <testcase classname="LearnTestNG.ClassC" name="testJ" time="0.001"/>
  <system-out/>
</testsuite> <!-- LearnTestNG.ClassC -->
