<?xml version="1.0" encoding="UTF-8"?>
<!-- Generated by org.testng.reporters.JUnitReportReporter -->
<testsuite hostname="SWAPNIL" failures="0" tests="1" name="LearnTestNG.LoginActitimeUsingParameterization" time="12.802" errors="0" timestamp="2023-08-05T10:24:52 IST" skipped="0">
  <testcase classname="LearnTestNG.LoginActitimeUsingParameterization" name="login" time="12.802"/>
  <system-out/>
</testsuite> <!-- LearnTestNG.LoginActitimeUsingParameterization -->
