<?xml version="1.0" encoding="UTF-8"?>
<!-- Generated by org.testng.reporters.JUnitReportReporter -->
<testsuite hostname="SWAPNIL" failures="0" tests="7" name="LearnTestNG.Facebook" time="0.026" errors="0" timestamp="2023-07-29T12:18:33 IST" skipped="0">
  <testcase classname="LearnTestNG.Facebook" name="postComment" time="0.001"/>
  <system-out/>
  <testcase classname="LearnTestNG.Facebook" name="login" time="0.002"/>
  <system-out/>
  <testcase classname="LearnTestNG.Facebook" name="deleteFriendRequest" time="0.001"/>
  <system-out/>
  <testcase classname="LearnTestNG.Facebook" name="uplodProfilePic" time="0.001"/>
  <system-out/>
  <testcase classname="LearnTestNG.Facebook" name="likePhoto" time="0.001"/>
  <system-out/>
  <testcase classname="LearnTestNG.Facebook" name="signUp" time="0.019"/>
  <system-out/>
  <testcase classname="LearnTestNG.Facebook" name="sendFriendRequest" time="0.001"/>
  <system-out/>
</testsuite> <!-- LearnTestNG.Facebook -->
