<?xml version="1.0" encoding="UTF-8"?>
<!-- Generated by org.testng.reporters.JUnitReportReporter -->
<testsuite hostname="SWAPNIL" failures="0" tests="1" name="LearnTestNG.ReadData" time="11.279" errors="0" timestamp="2023-07-26T20:18:54 IST" skipped="0">
  <testcase classname="LearnTestNG.ReadData" name="readData" time="11.279"/>
  <system-out/>
</testsuite> <!-- LearnTestNG.ReadData -->
