<?xml version="1.0" encoding="UTF-8"?>
<!-- Generated by org.testng.reporters.JUnitReportReporter -->
<testsuite hostname="SWAPNIL" failures="0" tests="2" name="LearnTestNG.TestNG" time="0.017" errors="0" timestamp="2023-07-27T21:41:09 IST" skipped="0">
  <testcase classname="LearnTestNG.TestNG" name="facebookSignup" time="0.001"/>
  <system-out/>
  <testcase classname="LearnTestNG.TestNG" name="facebookSignup" time="0.016"/>
  <system-out/>
</testsuite> <!-- LearnTestNG.TestNG -->
