<?xml version="1.0" encoding="UTF-8"?>
<!-- Generated by org.testng.reporters.JUnitReportReporter -->
<testsuite hostname="SWAPNIL" failures="0" tests="1" name="boards.info.trello.testcases.MyFirstScript" time="30.777" errors="0" timestamp="2023-08-19T23:06:12 IST" skipped="0">
  <testcase classname="boards.info.trello.testcases.MyFirstScript" name="loginCreateBoardDeleteBoardLogout" time="30.777"/>
  <system-out/>
</testsuite> <!-- boards.info.trello.testcases.MyFirstScript -->
