<?xml version="1.0" encoding="UTF-8"?>
<!-- Generated by org.testng.reporters.JUnitReportReporter -->
<testsuite hostname="SWAPNIL" failures="0" tests="2" name="LearnTestNG.Practise" time="0.016" errors="0" timestamp="2023-07-31T09:38:18 IST" skipped="0">
  <testcase classname="LearnTestNG.Practise" name="Signup" time="0.002"/>
  <system-out/>
  <testcase classname="LearnTestNG.Practise" name="Login" time="0.014"/>
  <system-out/>
</testsuite> <!-- LearnTestNG.Practise -->
