<?xml version="1.0" encoding="UTF-8"?>
<!-- Generated by org.testng.reporters.JUnitReportReporter -->
<testsuite hostname="SWAPNIL" failures="0" tests="4" name="LearnTestNG.ClassB" time="0.016" errors="0" timestamp="2023-08-10T12:30:43 IST" skipped="0">
  <testcase classname="LearnTestNG.ClassB" name="testD" time="0.011"/>
  <system-out/>
  <testcase classname="LearnTestNG.ClassB" name="testE" time="0.002"/>
  <system-out/>
  <testcase classname="LearnTestNG.ClassB" name="testF" time="0.002"/>
  <system-out/>
  <testcase classname="LearnTestNG.ClassB" name="testG" time="0.001"/>
  <system-out/>
</testsuite> <!-- LearnTestNG.ClassB -->
